c:\users\yxw\desktop\robotconnect\robotconnect\consoleapplication1\consoleapplication1\x64\debug\vc140.pdb
c:\users\yxw\desktop\robotconnect\robotconnect\consoleapplication1\consoleapplication1\x64\debug\vc140.idb
c:\users\yxw\desktop\robotconnect\robotconnect\consoleapplication1\consoleapplication1\x64\debug\consoleapplication1.obj
c:\users\yxw\desktop\robotconnect\robotconnect\consoleapplication1\consoleapplication1\x64\debug\stdafx.obj
c:\users\yxw\desktop\机器人学实验\robotconnect\robotconnect\consoleapplication1\consoleapplication1\x64\debug\vc140.pdb
c:\users\yxw\desktop\机器人学实验\robotconnect\robotconnect\consoleapplication1\consoleapplication1\x64\debug\vc140.idb
c:\users\yxw\desktop\机器人学实验\robotconnect\robotconnect\consoleapplication1\consoleapplication1\x64\debug\consoleapplication1.obj
c:\users\yxw\desktop\机器人学实验\robotconnect\robotconnect\consoleapplication1\consoleapplication1\x64\debug\stdafx.obj
c:\users\yxw\desktop\robotconnect\robotconnect\consoleapplication1\x64\debug\consoleapplication1.ilk
c:\users\yxw\desktop\robotconnect\robotconnect\consoleapplication1\x64\debug\consoleapplication1.exe
c:\users\yxw\desktop\robotconnect\robotconnect\consoleapplication1\x64\debug\consoleapplication1.pdb
c:\users\yxw\desktop\机器人学实验\robotconnect\robotconnect\consoleapplication1\x64\debug\consoleapplication1.ilk
c:\users\yxw\desktop\机器人学实验\robotconnect\robotconnect\consoleapplication1\x64\debug\consoleapplication1.exe
c:\users\yxw\desktop\机器人学实验\robotconnect\robotconnect\consoleapplication1\x64\debug\consoleapplication1.pdb
f:\consoleapplication1\consoleapplication1\x64\debug\consoleapplication1.obj
f:\consoleapplication1\consoleapplication1\x64\debug\qkmlinklib_i.obj
f:\consoleapplication1\consoleapplication1\x64\debug\stdafx.obj
f:\consoleapplication1\consoleapplication1\x64\debug\vc140.idb
f:\consoleapplication1\consoleapplication1\x64\debug\vc140.pdb
f:\consoleapplication1\x64\debug\consoleapplication1.pdb
f:\consoleapplication1\x64\debug\consoleapplication1.exe
f:\consoleapplication1\x64\debug\consoleapplication1.ilk
f:\consoleapplication1\consoleapplication1\x64\debug\consolea.4fe45efe.tlog\cl.command.1.tlog
f:\consoleapplication1\consoleapplication1\x64\debug\consolea.4fe45efe.tlog\cl.read.1.tlog
f:\consoleapplication1\consoleapplication1\x64\debug\consolea.4fe45efe.tlog\cl.write.1.tlog
f:\consoleapplication1\consoleapplication1\x64\debug\consolea.4fe45efe.tlog\link.command.1.tlog
f:\consoleapplication1\consoleapplication1\x64\debug\consolea.4fe45efe.tlog\link.read.1.tlog
f:\consoleapplication1\consoleapplication1\x64\debug\consolea.4fe45efe.tlog\link.write.1.tlog
